[05-Sep-2025 13:18:23 America/Sao_Paulo] PHP Warning:  Undefined array key "producao" in C:\Users\Lucas\AppData\Local\Temp\phpDBA5.tmp on line 341
[05-Sep-2025 13:18:59 America/Sao_Paulo] PHP Warning:  Undefined array key "nome-evento" in C:\laragon\www\tiny-hd-arte\App\Controller\Home\IngressoController.php on line 276
[05-Sep-2025 13:21:40 America/Sao_Paulo] PHP Warning:  Undefined array key "nome-evento" in C:\laragon\www\tiny-hd-arte\App\Controller\Home\IngressoController.php on line 276
[05-Sep-2025 13:23:18 America/Sao_Paulo] PHP Warning:  Undefined array key "nome-evento" in C:\laragon\www\tiny-hd-arte\App\Controller\Home\IngressoController.php on line 276
[05-Sep-2025 13:23:22 America/Sao_Paulo] PHP Warning:  Undefined array key "producao" in C:\Users\Lucas\AppData\Local\Temp\php6891.tmp on line 341
[05-Sep-2025 13:24:16 America/Sao_Paulo] PHP Warning:  Undefined array key "nome-evento" in C:\laragon\www\tiny-hd-arte\App\Controller\Home\IngressoController.php on line 276
[05-Sep-2025 13:32:37 America/Sao_Paulo] PHP Warning:  Undefined array key "producao" in C:\Users\Lucas\AppData\Local\Temp\phpE14A.tmp on line 341
[05-Sep-2025 13:32:54 America/Sao_Paulo] PHP Warning:  Undefined array key "nome-evento" in C:\laragon\www\tiny-hd-arte\App\Controller\Home\IngressoController.php on line 276
[05-Sep-2025 13:33:28 America/Sao_Paulo] PHP Warning:  Undefined array key "producao" in C:\Users\Lucas\AppData\Local\Temp\phpA905.tmp on line 341
[05-Sep-2025 13:33:45 America/Sao_Paulo] PHP Warning:  Undefined array key "nome-evento" in C:\laragon\www\tiny-hd-arte\App\Controller\Home\IngressoController.php on line 276
[05-Sep-2025 13:34:41 America/Sao_Paulo] PHP Warning:  Undefined array key "producao" in C:\Users\Lucas\AppData\Local\Temp\phpC5D5.tmp on line 341
[05-Sep-2025 13:35:00 America/Sao_Paulo] PHP Warning:  Undefined array key "nome-evento" in C:\laragon\www\tiny-hd-arte\App\Controller\Home\IngressoController.php on line 276
[05-Sep-2025 13:40:51 America/Sao_Paulo] PHP Warning:  Undefined array key "producao" in C:\Users\Lucas\AppData\Local\Temp\php69D4.tmp on line 341
[05-Sep-2025 13:41:36 America/Sao_Paulo] PHP Warning:  Undefined array key "nome-evento" in C:\laragon\www\tiny-hd-arte\App\Controller\Home\IngressoController.php on line 276
[05-Sep-2025 13:42:23 America/Sao_Paulo] PHP Warning:  Undefined array key "nome-evento" in C:\laragon\www\tiny-hd-arte\App\Controller\Home\IngressoController.php on line 276
[05-Sep-2025 13:43:29 America/Sao_Paulo] PHP Warning:  Undefined array key "nome-evento" in C:\laragon\www\tiny-hd-arte\App\Controller\Home\IngressoController.php on line 276
[05-Sep-2025 13:44:16 America/Sao_Paulo] PHP Warning:  Undefined array key "nome_evento" in C:\laragon\www\tiny-hd-arte\App\Controller\Home\IngressoController.php on line 276
[05-Sep-2025 13:46:41 America/Sao_Paulo] PHP Warning:  Undefined array key "nome_evento" in C:\laragon\www\tiny-hd-arte\App\Controller\Home\IngressoController.php on line 276
[05-Sep-2025 13:48:14 America/Sao_Paulo] PHP Warning:  Undefined array key "nome_evento" in C:\laragon\www\tiny-hd-arte\App\Controller\Home\IngressoController.php on line 276
[05-Sep-2025 13:50:39 America/Sao_Paulo] PHP Warning:  Undefined array key "producao" in C:\Users\Lucas\AppData\Local\Temp\php660A.tmp on line 341
[05-Sep-2025 13:55:23 America/Sao_Paulo] PHP Warning:  Undefined array key "producao" in C:\Users\Lucas\AppData\Local\Temp\phpB881.tmp on line 341
[05-Sep-2025 14:16:21 America/Sao_Paulo] PHP Warning:  Undefined array key "producao" in C:\Users\Lucas\AppData\Local\Temp\phpEBD0.tmp on line 341
[05-Sep-2025 14:51:28 America/Sao_Paulo] PHP Warning:  Undefined array key "producao" in C:\Users\Lucas\AppData\Local\Temp\php10A8.tmp on line 341
